  CollisionSystem.cpp
c:\users\jack\onedrive\desktop\projects\afa\afa\afa\transformcomponent.h(44): warning C4244: 'initializing': conversion from 'int' to 'float', possible loss of data
c:\users\jack\onedrive\desktop\projects\afa\afa\afa\spritecomponent.h(67): warning C4244: '=': conversion from 'float' to 'int', possible loss of data
c:\users\jack\onedrive\desktop\projects\afa\afa\afa\spritecomponent.h(68): warning C4244: '=': conversion from 'float' to 'int', possible loss of data
c:\users\jack\onedrive\desktop\projects\afa\afa\afa\spritecomponent.h(83): warning C4244: '=': conversion from 'float' to 'int', possible loss of data
c:\users\jack\onedrive\desktop\projects\afa\afa\afa\spritecomponent.h(84): warning C4244: '=': conversion from 'float' to 'int', possible loss of data
  Game.cpp
c:\users\jack\onedrive\desktop\projects\afa\afa\afa\transformcomponent.h(44): warning C4244: 'initializing': conversion from 'int' to 'float', possible loss of data
c:\users\jack\onedrive\desktop\projects\afa\afa\afa\spritecomponent.h(67): warning C4244: '=': conversion from 'float' to 'int', possible loss of data
c:\users\jack\onedrive\desktop\projects\afa\afa\afa\spritecomponent.h(68): warning C4244: '=': conversion from 'float' to 'int', possible loss of data
c:\users\jack\onedrive\desktop\projects\afa\afa\afa\spritecomponent.h(83): warning C4244: '=': conversion from 'float' to 'int', possible loss of data
c:\users\jack\onedrive\desktop\projects\afa\afa\afa\spritecomponent.h(84): warning C4244: '=': conversion from 'float' to 'int', possible loss of data
c:\users\jack\onedrive\desktop\projects\afa\afa\afa\testscene.h(40): warning C4244: 'argument': conversion from 'int' to 'float', possible loss of data
c:\users\jack\onedrive\desktop\projects\afa\afa\afa\testscene.h(47): warning C4244: 'argument': conversion from 'int' to 'float', possible loss of data
c:\users\jack\onedrive\desktop\projects\afa\afa\afa\testscene.h(54): warning C4244: 'argument': conversion from 'int' to 'float', possible loss of data
c:\users\jack\onedrive\desktop\projects\afa\afa\afa\testscene.h(62): warning C4244: 'argument': conversion from 'int' to 'float', possible loss of data
  InputSystem.cpp
c:\users\jack\onedrive\desktop\projects\afa\afa\afa\transformcomponent.h(44): warning C4244: 'initializing': conversion from 'int' to 'float', possible loss of data
c:\users\jack\onedrive\desktop\projects\afa\afa\afa\spritecomponent.h(67): warning C4244: '=': conversion from 'float' to 'int', possible loss of data
c:\users\jack\onedrive\desktop\projects\afa\afa\afa\spritecomponent.h(68): warning C4244: '=': conversion from 'float' to 'int', possible loss of data
c:\users\jack\onedrive\desktop\projects\afa\afa\afa\spritecomponent.h(83): warning C4244: '=': conversion from 'float' to 'int', possible loss of data
c:\users\jack\onedrive\desktop\projects\afa\afa\afa\spritecomponent.h(84): warning C4244: '=': conversion from 'float' to 'int', possible loss of data
  Main.cpp
c:\users\jack\onedrive\desktop\projects\afa\afa\afa\transformcomponent.h(44): warning C4244: 'initializing': conversion from 'int' to 'float', possible loss of data
c:\users\jack\onedrive\desktop\projects\afa\afa\afa\spritecomponent.h(67): warning C4244: '=': conversion from 'float' to 'int', possible loss of data
c:\users\jack\onedrive\desktop\projects\afa\afa\afa\spritecomponent.h(68): warning C4244: '=': conversion from 'float' to 'int', possible loss of data
c:\users\jack\onedrive\desktop\projects\afa\afa\afa\spritecomponent.h(83): warning C4244: '=': conversion from 'float' to 'int', possible loss of data
c:\users\jack\onedrive\desktop\projects\afa\afa\afa\spritecomponent.h(84): warning C4244: '=': conversion from 'float' to 'int', possible loss of data
c:\users\jack\onedrive\desktop\projects\afa\afa\afa\testscene.h(40): warning C4244: 'argument': conversion from 'int' to 'float', possible loss of data
c:\users\jack\onedrive\desktop\projects\afa\afa\afa\testscene.h(47): warning C4244: 'argument': conversion from 'int' to 'float', possible loss of data
c:\users\jack\onedrive\desktop\projects\afa\afa\afa\testscene.h(54): warning C4244: 'argument': conversion from 'int' to 'float', possible loss of data
c:\users\jack\onedrive\desktop\projects\afa\afa\afa\testscene.h(62): warning C4244: 'argument': conversion from 'int' to 'float', possible loss of data
  MovementSystem.cpp
c:\users\jack\onedrive\desktop\projects\afa\afa\afa\transformcomponent.h(44): warning C4244: 'initializing': conversion from 'int' to 'float', possible loss of data
c:\users\jack\onedrive\desktop\projects\afa\afa\afa\spritecomponent.h(67): warning C4244: '=': conversion from 'float' to 'int', possible loss of data
c:\users\jack\onedrive\desktop\projects\afa\afa\afa\spritecomponent.h(68): warning C4244: '=': conversion from 'float' to 'int', possible loss of data
c:\users\jack\onedrive\desktop\projects\afa\afa\afa\spritecomponent.h(83): warning C4244: '=': conversion from 'float' to 'int', possible loss of data
c:\users\jack\onedrive\desktop\projects\afa\afa\afa\spritecomponent.h(84): warning C4244: '=': conversion from 'float' to 'int', possible loss of data
  RenderSystem.cpp
  SceneManager.cpp
c:\users\jack\onedrive\desktop\projects\afa\afa\afa\transformcomponent.h(44): warning C4244: 'initializing': conversion from 'int' to 'float', possible loss of data
c:\users\jack\onedrive\desktop\projects\afa\afa\afa\spritecomponent.h(67): warning C4244: '=': conversion from 'float' to 'int', possible loss of data
c:\users\jack\onedrive\desktop\projects\afa\afa\afa\spritecomponent.h(68): warning C4244: '=': conversion from 'float' to 'int', possible loss of data
c:\users\jack\onedrive\desktop\projects\afa\afa\afa\spritecomponent.h(83): warning C4244: '=': conversion from 'float' to 'int', possible loss of data
c:\users\jack\onedrive\desktop\projects\afa\afa\afa\spritecomponent.h(84): warning C4244: '=': conversion from 'float' to 'int', possible loss of data
c:\users\jack\onedrive\desktop\projects\afa\afa\afa\testscene.h(40): warning C4244: 'argument': conversion from 'int' to 'float', possible loss of data
c:\users\jack\onedrive\desktop\projects\afa\afa\afa\testscene.h(47): warning C4244: 'argument': conversion from 'int' to 'float', possible loss of data
c:\users\jack\onedrive\desktop\projects\afa\afa\afa\testscene.h(54): warning C4244: 'argument': conversion from 'int' to 'float', possible loss of data
c:\users\jack\onedrive\desktop\projects\afa\afa\afa\testscene.h(62): warning C4244: 'argument': conversion from 'int' to 'float', possible loss of data
  Generating Code...
     Creating library C:\Users\jack\OneDrive\Desktop\Projects\AFA\AFA\x64\Debug\AFA.lib and object C:\Users\jack\OneDrive\Desktop\Projects\AFA\AFA\x64\Debug\AFA.exp
  AFA.vcxproj -> C:\Users\jack\OneDrive\Desktop\Projects\AFA\AFA\x64\Debug\AFA.exe
